warning package.json: "dependencies" has dependency "@types/node" with range "18.11.13" that collides with a dependency in "devDependencies" of the same name with version "17.0.23"
warning package.json: "dependencies" has dependency "@types/react" with range "18.0.26" that collides with a dependency in "devDependencies" of the same name with version "17.0.43"
warning package.json: "dependencies" has dependency "@types/react-dom" with range "18.0.9" that collides with a dependency in "devDependencies" of the same name with version "17.0.14"
warning package.json: "dependencies" has dependency "eslint" with range "8.29.0" that collides with a dependency in "devDependencies" of the same name with version "8.12.0"
warning package.json: "dependencies" has dependency "eslint-config-next" with range "13.0.6" that collides with a dependency in "devDependencies" of the same name with version "12.1.4"
$ next build
warn  - You have enabled experimental feature (appDir) in next.config.js.
warn  - Experimental features are not covered by semver, and may cause unexpected or broken application behavior. Use at your own risk.
info  - Thank you for testing `appDir` please leave your feedback at https://nextjs.link/app-feedback

info  - Linting and checking validity of types...

./components/hooks/common/useOutsideClick.ts
18:6  Warning: React Hook useEffect has a missing dependency: 'callback'. Either include it or remove the dependency array. If 'callback' changes too often, find the parent component that defines it and wrap that definition in useCallback.  react-hooks/exhaustive-deps

./components/pages/home/HeroSection.tsx
19:6  Warning: React Hook useEffect has a missing dependency: 'controls'. Either include it or remove the dependency array.  react-hooks/exhaustive-deps

./components/pages/home/MainAnimationSection.tsx
29:6  Warning: React Hook useEffect has missing dependencies: 'mainAnimationControl' and 'mainAnimationFinished'. Either include them or remove the dependency array.  react-hooks/exhaustive-deps

./components/providers/web3/index.tsx
148:6  Warning: React Hook useEffect has missing dependencies: 'logout' and 'provider'. Either include them or remove the dependency array.  react-hooks/exhaustive-deps

./components/ui/navbar/Walletbar.tsx
41:6  Warning: React Hook useEffect has a missing dependency: 'accountHook'. Either include it or remove the dependency array.  react-hooks/exhaustive-deps

./components/ui/navbar/index.tsx
55:6  Warning: React Hook useEffect has missing dependencies: 'controls' and 'nav'. Either include them or remove the dependency array.  react-hooks/exhaustive-deps

info  - Need to disable some ESLint rules? Learn more here: https://nextjs.org/docs/basic-features/eslint#disabling-rules
info  - Creating an optimized production build...
info  - Compiled successfully
info  - Collecting page data...
info  - Generating static pages (0/5)
info  - Generating static pages (1/5)
info  - Generating static pages (2/5)
info  - Generating static pages (3/5)
info  - Generating static pages (5/5)
info  - Finalizing page optimization...

Route (pages)                              Size     First Load JS
┌ ○ / (619 ms)                             10.4 kB         364 kB
├   └ css/09a6c8321e7bfbc2.css             796 B
├   /_app                                  0 B             292 kB
├ ○ /404                                   186 B           292 kB
├ λ /api/utils                             0 B             292 kB
├ λ /cask/[caskId]                         111 kB          464 kB
├ ○ /marketplace (601 ms)                  1.66 kB         355 kB
├ ○ /nft/create (602 ms)                   4.75 kB         358 kB
└ λ /profile                               3.07 kB         356 kB
+ First Load JS shared by all              301 kB
  ├ chunks/framework-66afa89ce7187f6f.js   45.4 kB
  ├ chunks/main-7b001f2a0800def8.js        26.9 kB
  ├ chunks/pages/_app-fcb9c2f8c8be8ac4.js  217 kB
  ├ chunks/webpack-d4a3dfbf4323a470.js     2.64 kB
  └ css/1ad5df8c1939c896.css               9.24 kB

λ  (Server)  server-side renders at runtime (uses getInitialProps or getServerSideProps)
○  (Static)  automatically rendered as static HTML (uses no initial props)

