warning package.json: "dependencies" has dependency "@types/node" with range "18.11.13" that collides with a dependency in "devDependencies" of the same name with version "17.0.23"
warning package.json: "dependencies" has dependency "@types/react" with range "18.0.26" that collides with a dependency in "devDependencies" of the same name with version "17.0.43"
warning package.json: "dependencies" has dependency "@types/react-dom" with range "18.0.9" that collides with a dependency in "devDependencies" of the same name with version "17.0.14"
$ next build
warn  - Invalid next.config.js options detected: 
  - The root value has an unexpected property, transpilePackages, which is not in the list of allowed properties (amp, analyticsId, assetPrefix, basePath, cleanDistDir, compiler, compress, crossOrigin, devIndicators, distDir, env, eslint, excludeDefaultMomentLocales, experimental, exportPathMap, generateBuildId, generateEtags, headers, httpAgentOptions, i18n, images, onDemandEntries, optimizeFonts, output, outputFileTracing, pageExtensions, poweredByHeader, productionBrowserSourceMaps, publicRuntimeConfig, reactStrictMode, redirects, rewrites, sassOptions, serverRuntimeConfig, staticPageGenerationTimeout, swcMinify, trailingSlash, typescript, useFileSystemPublicRoutes, webpack).

See more info here: https://nextjs.org/docs/messages/invalid-next-config
warn  - You have enabled experimental feature (appDir) in next.config.js.
warn  - Experimental features are not covered by semver, and may cause unexpected or broken application behavior. Use at your own risk.
info  - Thank you for testing `appDir` please leave your feedback at https://nextjs.link/app-feedback

info  - Linting and checking validity of types...
info  - Creating an optimized production build...
Browserslist: caniuse-lite is outdated. Please run:
  npx browserslist@latest --update-db
  Why you should do it regularly: https://github.com/browserslist/browserslist#browsers-data-updating
Browserslist: caniuse-lite is outdated. Please run:
  npx update-browserslist-db@latest
  Why you should do it regularly: https://github.com/browserslist/update-db#readme
info  - Compiled successfully
info  - Collecting page data...
info  - Generating static pages (0/11)
info  - Generating static pages (2/11)
info  - Generating static pages (5/11)
info  - Generating static pages (8/11)
info  - Generating static pages (11/11)
info  - Finalizing page optimization...

Route (pages)                              Size     First Load JS
┌ ○ /                                      2.71 kB         706 kB
├   /_app                                  0 B             540 kB
├ ○ /404                                   185 B           541 kB
├ ○ /about                                 1.62 kB         705 kB
├ λ /api/auth/getUserData                  0 B             540 kB
├ λ /api/nfts/getBestBarrels               0 B             540 kB
├ λ /api/nfts/getNft                       0 B             540 kB
├ λ /api/nfts/getNfts                      0 B             540 kB
├ λ /api/nfts/getOwnedNfts                 0 B             540 kB
├ λ /api/user/updateUser                   0 B             540 kB
├ λ /api/utils                             0 B             540 kB
├ λ /cask/[caskId]                         222 B           819 kB
├ ○ /cask/components/CaskDetails           522 B           541 kB
├ ○ /cask/components/CaskFavorite          993 B           541 kB
├ ○ /cask/components/CaskGallery           236 B           819 kB
├ ○ /cask/components/CaskIllustration      237 B           819 kB
├ ○ /cask/components/CaskOperations        1.66 kB         593 kB
├ ○ /cask/components/CaskStats             666 B           541 kB
├ λ /cellar/[tab]                          3.15 kB         705 kB
├ λ /faq                                   6.06 kB         700 kB
├   └ css/4617451fb4d0df02.css             364 B
├ ○ /marketplace/[tab]                     22.4 kB         720 kB
├   └ css/36840340f3f01bb9.css             447 B
└ λ /profile                               5.53 kB         699 kB
+ First Load JS shared by all              554 kB
  ├ chunks/framework-66afa89ce7187f6f.js   45.4 kB
  ├ chunks/main-3c88659016c6b67e.js        30.6 kB
  ├ chunks/pages/_app-36e1b8e280e9dd5c.js  462 kB
  ├ chunks/webpack-6c62267c30fd27a6.js     2.69 kB
  └ css/84f6a79aa468dc27.css               13.1 kB

λ  (Server)  server-side renders at runtime (uses getInitialProps or getServerSideProps)
○  (Static)  automatically rendered as static HTML (uses no initial props)

